{"/app/assets/css/main.css": {"path":"/app/assets/css/main.css","statementMap":{},"fnMap":{},"branchMap":{},"s":{},"f":{},"b":{},"meta":{"lastBranch":0,"lastFunction":0,"lastStatement":0,"seen":{}}}
,"/app/components/SkeletonGameCard.vue": {"path":"/app/components/SkeletonGameCard.vue","statementMap":{"0":{"start":{"line":2,"column":7},"end":{"line":2,"column":null}},"1":{"start":{"line":2,"column":2},"end":{"line":5,"column":40}}},"fnMap":{},"branchMap":{"0":{"loc":{"start":{"line":7,"column":8},"end":{"line":5,"column":40}},"type":"binary-expr","locations":[{"start":{"line":7,"column":8},"end":{"line":7,"column":null}},{"start":{"line":7,"column":8},"end":{"line":5,"column":40}}],"line":7}},"s":{"0":1,"1":0},"f":{},"b":{"0":[0,0]},"meta":{"lastBranch":0,"lastFunction":0,"lastStatement":0,"seen":{}}}
,"/app/i18n/locales/en.json": {"path":"/app/i18n/locales/en.json","statementMap":{},"fnMap":{},"branchMap":{},"s":{},"f":{},"b":{},"meta":{"lastBranch":0,"lastFunction":0,"lastStatement":0,"seen":{}}}
,"/app/pages/index.vue": {"path":"/app/pages/index.vue","statementMap":{"0":{"start":{"line":41,"column":23},"end":{"line":41,"column":35}},"1":{"start":{"line":41,"column":35},"end":{"line":41,"column":null}},"2":{"start":{"line":48,"column":1},"end":{"line":51,"column":null}},"3":{"start":{"line":50,"column":22},"end":{"line":50,"column":null}},"4":{"start":{"line":53,"column":15},"end":{"line":53,"column":null}},"5":{"start":{"line":55,"column":21},"end":{"line":55,"column":null}},"6":{"start":{"line":56,"column":17},"end":{"line":56,"column":null}},"7":{"start":{"line":59,"column":4},"end":{"line":59,"column":null}},"8":{"start":{"line":62,"column":1},"end":{"line":68,"column":null}},"9":{"start":{"line":63,"column":4},"end":{"line":67,"column":null}},"10":{"start":{"line":64,"column":4},"end":{"line":64,"column":null}},"11":{"start":{"line":65,"column":3},"end":{"line":65,"column":null}},"12":{"start":{"line":70,"column":24},"end":{"line":93,"column":null}},"13":{"start":{"line":71,"column":4},"end":{"line":71,"column":null}},"14":{"start":{"line":71,"column":8},"end":{"line":71,"column":null}},"15":{"start":{"line":73,"column":4},"end":{"line":73,"column":null}},"16":{"start":{"line":74,"column":4},"end":{"line":92,"column":null}},"17":{"start":{"line":75,"column":6},"end":{"line":75,"column":null}},"18":{"start":{"line":76,"column":18},"end":{"line":81,"column":null}},"19":{"start":{"line":83,"column":6},"end":{"line":87,"column":null}},"20":{"start":{"line":84,"column":6},"end":{"line":84,"column":null}},"21":{"start":{"line":86,"column":8},"end":{"line":86,"column":null}},"22":{"start":{"line":89,"column":4},"end":{"line":89,"column":null}},"23":{"start":{"line":95,"column":18},"end":{"line":95,"column":null}},"24":{"start":{"line":98,"column":1},"end":{"line":111,"column":null}},"25":{"start":{"line":99,"column":4},"end":{"line":106,"column":null}},"26":{"start":{"line":100,"column":6},"end":{"line":102,"column":null}},"27":{"start":{"line":101,"column":8},"end":{"line":101,"column":null}},"28":{"start":{"line":108,"column":3},"end":{"line":110,"column":null}},"29":{"start":{"line":113,"column":1},"end":{"line":117,"column":null}},"30":{"start":{"line":114,"column":3},"end":{"line":116,"column":null}},"31":{"start":{"line":6,"column":30},"end":{"line":6,"column":null}},"32":{"start":{"line":20,"column":15},"end":{"line":20,"column":null}},"33":{"start":{"line":21,"column":16},"end":{"line":21,"column":null}},"34":{"start":{"line":30,"column":25},"end":{"line":30,"column":26}},"35":{"start":{"line":30,"column":32},"end":{"line":30,"column":null}},"36":{"start":{"line":2,"column":2},"end":{"line":2,"column":null}},"37":{"start":{"line":4,"column":4},"end":{"line":4,"column":null}},"38":{"start":{"line":6,"column":17},"end":{"line":31,"column":null}},"39":{"start":{"line":12,"column":10},"end":{"line":27,"column":null}},"40":{"start":{"line":14,"column":39},"end":{"line":21,"column":16}}},"fnMap":{"0":{"name":"(anonymous_0)","decl":{"start":{"line":50,"column":17},"end":{"line":50,"column":18}},"loc":{"start":{"line":50,"column":22},"end":{"line":50,"column":null}},"line":50},"1":{"name":"(anonymous_1)","decl":{"start":{"line":62,"column":14},"end":{"line":62,"column":15}},"loc":{"start":{"line":62,"column":19},"end":{"line":68,"column":3}},"line":62},"2":{"name":"(anonymous_2)","decl":{"start":{"line":70,"column":24},"end":{"line":70,"column":27}},"loc":{"start":{"line":70,"column":27},"end":{"line":93,"column":null}},"line":70},"3":{"name":"(anonymous_3)","decl":{"start":{"line":98,"column":12},"end":{"line":98,"column":13}},"loc":{"start":{"line":98,"column":18},"end":{"line":111,"column":3}},"line":98},"4":{"name":"(anonymous_4)","decl":{"start":{"line":99,"column":6},"end":{"line":99,"column":null}},"loc":{"start":{"line":99,"column":6},"end":{"line":103,"column":5}},"line":99},"5":{"name":"(anonymous_5)","decl":{"start":{"line":113,"column":4},"end":{"line":113,"column":null}},"loc":{"start":{"line":113,"column":4},"end":{"line":117,"column":3}},"line":113},"6":{"name":"(anonymous_6)","decl":{"start":{"line":11,"column":98},"end":{"line":11,"column":null}},"loc":{"start":{"line":11,"column":98},"end":{"line":26,"column":null}},"line":11},"7":{"name":"(anonymous_7)","decl":{"start":{"line":14,"column":32},"end":{"line":14,"column":39}},"loc":{"start":{"line":14,"column":39},"end":{"line":21,"column":16}},"line":14}},"branchMap":{"0":{"loc":{"start":{"line":63,"column":4},"end":{"line":67,"column":null}},"type":"if","locations":[{"start":{"line":63,"column":4},"end":{"line":67,"column":null}},{"start":{},"end":{}}],"line":63},"1":{"loc":{"start":{"line":63,"column":8},"end":{"line":63,"column":null}},"type":"binary-expr","locations":[{"start":{"line":63,"column":8},"end":{"line":63,"column":15}},{"start":{"line":63,"column":19},"end":{"line":63,"column":null}}],"line":63},"2":{"loc":{"start":{"line":71,"column":4},"end":{"line":71,"column":null}},"type":"if","locations":[{"start":{"line":71,"column":4},"end":{"line":71,"column":null}},{"start":{},"end":{}}],"line":71},"3":{"loc":{"start":{"line":71,"column":8},"end":{"line":71,"column":null}},"type":"binary-expr","locations":[{"start":{"line":71,"column":8},"end":{"line":71,"column":null}},{"start":{"line":71,"column":8},"end":{"line":71,"column":null}}],"line":71},"4":{"loc":{"start":{"line":83,"column":6},"end":{"line":87,"column":null}},"type":"if","locations":[{"start":{"line":83,"column":6},"end":{"line":87,"column":null}},{"start":{"line":85,"column":13},"end":{"line":87,"column":null}}],"line":83},"5":{"loc":{"start":{"line":83,"column":10},"end":{"line":83,"column":null}},"type":"binary-expr","locations":[{"start":{"line":83,"column":10},"end":{"line":83,"column":19}},{"start":{"line":83,"column":23},"end":{"line":83,"column":null}}],"line":83},"6":{"loc":{"start":{"line":100,"column":6},"end":{"line":102,"column":null}},"type":"if","locations":[{"start":{"line":100,"column":6},"end":{"line":102,"column":null}},{"start":{},"end":{}}],"line":100},"7":{"loc":{"start":{"line":108,"column":3},"end":{"line":110,"column":null}},"type":"if","locations":[{"start":{"line":108,"column":3},"end":{"line":110,"column":null}},{"start":{},"end":{}}],"line":108},"8":{"loc":{"start":{"line":114,"column":3},"end":{"line":116,"column":null}},"type":"if","locations":[{"start":{"line":114,"column":3},"end":{"line":116,"column":null}},{"start":{},"end":{}}],"line":114},"9":{"loc":{"start":{"line":114,"column":3},"end":{"line":114,"column":null}},"type":"binary-expr","locations":[{"start":{"line":114,"column":3},"end":{"line":114,"column":null}},{"start":{"line":114,"column":3},"end":{"line":114,"column":null}}],"line":114},"10":{"loc":{"start":{"line":15,"column":19},"end":{"line":15,"column":33}},"type":"binary-expr","locations":[{"start":{"line":15,"column":19},"end":{"line":15,"column":32}},{"start":{"line":15,"column":32},"end":{"line":15,"column":33}},{"start":{"line":15,"column":32},"end":{"line":15,"column":33}}],"line":15}},"s":{"0":0,"1":0,"2":0,"3":0,"4":0,"5":0,"6":0,"7":0,"8":0,"9":0,"10":0,"11":0,"12":0,"13":0,"14":0,"15":0,"16":0,"17":0,"18":0,"19":0,"20":0,"21":0,"22":0,"23":0,"24":0,"25":0,"26":0,"27":0,"28":0,"29":0,"30":0,"31":1,"32":1,"33":1,"34":1,"35":1,"36":0,"37":0,"38":0,"39":0,"40":0},"f":{"0":0,"1":0,"2":0,"3":0,"4":0,"5":0,"6":0,"7":0},"b":{"0":[0,0],"1":[0,0],"2":[0,0],"3":[0,0],"4":[0,0],"5":[0,0],"6":[0,0],"7":[0,0],"8":[0,0],"9":[0,0],"10":[0,0,0]},"meta":{"lastBranch":0,"lastFunction":0,"lastStatement":0,"seen":{}}}
,"/app/pages/game/[slug].vue": {"path":"/app/pages/game/[slug].vue","statementMap":{},"fnMap":{},"branchMap":{},"s":{},"f":{},"b":{},"meta":{"lastBranch":0,"lastFunction":0,"lastStatement":0,"seen":{}}}
,"/app/plugins/click-outside.ts": {"path":"/app/plugins/click-outside.ts","statementMap":{"0":{"start":{"line":2,"column":2},"end":{"line":18,"column":null}},"1":{"start":{"line":4,"column":6},"end":{"line":8,"column":null}},"2":{"start":{"line":5,"column":8},"end":{"line":7,"column":null}},"3":{"start":{"line":6,"column":10},"end":{"line":6,"column":null}},"4":{"start":{"line":9,"column":6},"end":{"line":9,"column":null}},"5":{"start":{"line":12,"column":6},"end":{"line":12,"column":null}},"6":{"start":{"line":16,"column":6},"end":{"line":16,"column":null}}},"fnMap":{"0":{"name":"(anonymous_0)","decl":{"start":{"line":1,"column":32},"end":{"line":1,"column":33}},"loc":{"start":{"line":1,"column":45},"end":{"line":19,"column":1}},"line":1},"1":{"name":"(anonymous_1)","decl":{"start":{"line":3,"column":4},"end":{"line":3,"column":12}},"loc":{"start":{"line":3,"column":30},"end":{"line":10,"column":null}},"line":3},"2":{"name":"(anonymous_2)","decl":{"start":{"line":4,"column":29},"end":{"line":4,"column":30}},"loc":{"start":{"line":4,"column":47},"end":{"line":8,"column":null}},"line":4},"3":{"name":"(anonymous_3)","decl":{"start":{"line":11,"column":4},"end":{"line":11,"column":14}},"loc":{"start":{"line":11,"column":23},"end":{"line":13,"column":null}},"line":11},"4":{"name":"(anonymous_4)","decl":{"start":{"line":14,"column":4},"end":{"line":14,"column":17}},"loc":{"start":{"line":14,"column":33},"end":{"line":17,"column":null}},"line":14}},"branchMap":{"0":{"loc":{"start":{"line":5,"column":8},"end":{"line":7,"column":null}},"type":"if","locations":[{"start":{"line":5,"column":8},"end":{"line":7,"column":null}},{"start":{},"end":{}}],"line":5},"1":{"loc":{"start":{"line":5,"column":14},"end":{"line":5,"column":73}},"type":"binary-expr","locations":[{"start":{"line":5,"column":14},"end":{"line":5,"column":37}},{"start":{"line":5,"column":37},"end":{"line":5,"column":73}}],"line":5}},"s":{"0":1,"1":0,"2":0,"3":0,"4":0,"5":0,"6":0},"f":{"0":1,"1":0,"2":0,"3":0,"4":0},"b":{"0":[0,0],"1":[0,0]},"meta":{"lastBranch":2,"lastFunction":5,"lastStatement":7,"seen":{"f:1:32:1:33":0,"s:2:2:18:Infinity":0,"f:3:4:3:12":1,"s:4:6:8:Infinity":1,"f:4:29:4:30":2,"b:5:8:7:Infinity:undefined:undefined:undefined:undefined":0,"s:5:8:7:Infinity":2,"b:5:14:5:37:5:37:5:73":1,"s:6:10:6:Infinity":3,"s:9:6:9:Infinity":4,"f:11:4:11:14":3,"s:12:6:12:Infinity":5,"f:14:4:14:17":4,"s:16:6:16:Infinity":6}}}
,"/app/server/api/games/related.ts": {"path":"/app/server/api/games/related.ts","statementMap":{"0":{"start":{"line":4,"column":4},"end":{"line":41,"column":null}},"1":{"start":{"line":5,"column":22},"end":{"line":5,"column":null}},"2":{"start":{"line":6,"column":21},"end":{"line":6,"column":null}},"3":{"start":{"line":7,"column":25},"end":{"line":7,"column":null}},"4":{"start":{"line":9,"column":8},"end":{"line":14,"column":null}},"5":{"start":{"line":10,"column":12},"end":{"line":13,"column":null}},"6":{"start":{"line":16,"column":14},"end":{"line":16,"column":null}},"7":{"start":{"line":18,"column":23},"end":{"line":28,"column":null}},"8":{"start":{"line":30,"column":8},"end":{"line":33,"column":null}},"9":{"start":{"line":35,"column":8},"end":{"line":35,"column":null}},"10":{"start":{"line":36,"column":24},"end":{"line":36,"column":null}},"11":{"start":{"line":37,"column":8},"end":{"line":40,"column":null}},"12":{"start":{"line":46,"column":22},"end":{"line":46,"column":null}},"13":{"start":{"line":47,"column":8},"end":{"line":47,"column":null}}},"fnMap":{"0":{"name":"(anonymous_0)","decl":{"start":{"line":3,"column":40},"end":{"line":3,"column":47}},"loc":{"start":{"line":3,"column":57},"end":{"line":42,"column":3}},"line":3},"1":{"name":"(anonymous_1)","decl":{"start":{"line":45,"column":12},"end":{"line":45,"column":13}},"loc":{"start":{"line":45,"column":23},"end":{"line":48,"column":null}},"line":45}},"branchMap":{"0":{"loc":{"start":{"line":6,"column":21},"end":{"line":6,"column":null}},"type":"binary-expr","locations":[{"start":{"line":6,"column":21},"end":{"line":6,"column":35}},{"start":{"line":6,"column":35},"end":{"line":6,"column":null}}],"line":6},"1":{"loc":{"start":{"line":9,"column":8},"end":{"line":14,"column":null}},"type":"if","locations":[{"start":{"line":9,"column":8},"end":{"line":14,"column":null}},{"start":{},"end":{}}],"line":9},"2":{"loc":{"start":{"line":36,"column":24},"end":{"line":36,"column":null}},"type":"cond-expr","locations":[{"start":{"line":36,"column":49},"end":{"line":36,"column":65}},{"start":{"line":36,"column":65},"end":{"line":36,"column":null}}],"line":36},"3":{"loc":{"start":{"line":47,"column":26},"end":{"line":47,"column":50}},"type":"binary-expr","locations":[{"start":{"line":47,"column":26},"end":{"line":47,"column":44}},{"start":{"line":47,"column":44},"end":{"line":47,"column":50}}],"line":47},"4":{"loc":{"start":{"line":47,"column":54},"end":{"line":47,"column":72}},"type":"binary-expr","locations":[{"start":{"line":47,"column":54},"end":{"line":47,"column":68}},{"start":{"line":47,"column":68},"end":{"line":47,"column":72}}],"line":47}},"s":{"0":5,"1":5,"2":5,"3":5,"4":5,"5":1,"6":4,"7":4,"8":2,"9":2,"10":2,"11":2,"12":3,"13":3},"f":{"0":5,"1":3},"b":{"0":[5,4],"1":[1,4],"2":[1,1],"3":[3,1],"4":[3,2]},"meta":{"lastBranch":5,"lastFunction":2,"lastStatement":14,"seen":{"f:3:40:3:47":0,"s:4:4:41:Infinity":0,"s:5:22:5:Infinity":1,"s:6:21:6:Infinity":2,"b:6:21:6:35:6:35:6:Infinity":0,"s:7:25:7:Infinity":3,"b:9:8:14:Infinity:undefined:undefined:undefined:undefined":1,"s:9:8:14:Infinity":4,"s:10:12:13:Infinity":5,"s:16:14:16:Infinity":6,"s:18:23:28:Infinity":7,"s:30:8:33:Infinity":8,"s:35:8:35:Infinity":9,"s:36:24:36:Infinity":10,"b:36:49:36:65:36:65:36:Infinity":2,"s:37:8:40:Infinity":11,"f:45:12:45:13":1,"s:46:22:46:Infinity":12,"s:47:8:47:Infinity":13,"b:47:26:47:44:47:44:47:50":3,"b:47:54:47:68:47:68:47:72":4}}}
}
